<?xml version="1.0" encoding="UTF-8"?>
<coverage generated="1649073749594" clover="3.2.0">
  <project timestamp="1649073749595" name="All files">
    <metrics statements="2" coveredstatements="2" conditionals="0" coveredconditionals="0" methods="2" coveredmethods="2" elements="4" coveredelements="4" complexity="0" loc="2" ncloc="2" packages="1" files="1" classes="1"/>
    <file name="Item.jsx" path="/Users/chanho/Desktop/chris/codesoom/react-week3-assignment-1/src/Item.jsx">
      <metrics statements="2" coveredstatements="2" conditionals="0" coveredconditionals="0" methods="2" coveredmethods="2"/>
      <line num="2" count="1" type="stmt"/>
      <line num="5" count="1" type="stmt"/>
    </file>
  </project>
</coverage>
