{"/Users/chanho/Desktop/chris/codesoom/react-week3-assignment-1/src/Item.jsx": {"path":"/Users/chanho/Desktop/chris/codesoom/react-week3-assignment-1/src/Item.jsx","statementMap":{"0":{"start":{"line":2,"column":2},"end":{"line":9,"column":4}},"1":{"start":{"line":5,"column":43},"end":{"line":5,"column":60}}},"fnMap":{"0":{"name":"Item","decl":{"start":{"line":1,"column":24},"end":{"line":1,"column":28}},"loc":{"start":{"line":1,"column":69},"end":{"line":10,"column":1}},"line":1},"1":{"name":"(anonymous_1)","decl":{"start":{"line":5,"column":37},"end":{"line":5,"column":38}},"loc":{"start":{"line":5,"column":43},"end":{"line":5,"column":60}},"line":5}},"branchMap":{},"s":{"0":1,"1":1},"f":{"0":1,"1":1},"b":{},"_coverageSchema":"1a1c01bbd47fc00a2c39e90264f33305004495a9","hash":"b0293046c2767af7dc8ae303e77408e2182ee09e"}
}
